Progress: resolved 1, reused 0, downloaded 0, added 0
Progress: resolved 41, reused 41, downloaded 0, added 0
Progress: resolved 42, reused 41, downloaded 0, added 0
Progress: resolved 47, reused 47, downloaded 0, added 0
Progress: resolved 51, reused 51, downloaded 0, added 0
Progress: resolved 63, reused 62, downloaded 0, added 0
Progress: resolved 69, reused 69, downloaded 0, added 0
Progress: resolved 71, reused 71, downloaded 0, added 0
Progress: resolved 72, reused 72, downloaded 0, added 0
Progress: resolved 73, reused 72, downloaded 0, added 0
Progress: resolved 76, reused 76, downloaded 0, added 0
Progress: resolved 78, reused 78, downloaded 0, added 0
Progress: resolved 79, reused 79, downloaded 0, added 0
Progress: resolved 82, reused 82, downloaded 0, added 0
Progress: resolved 83, reused 82, downloaded 0, added 0
Progress: resolved 83, reused 83, downloaded 0, added 0
Progress: resolved 90, reused 89, downloaded 0, added 0
Progress: resolved 91, reused 90, downloaded 0, added 0
Progress: resolved 94, reused 92, downloaded 0, added 0
Progress: resolved 99, reused 98, downloaded 0, added 0
Progress: resolved 100, reused 98, downloaded 0, added 0
Progress: resolved 103, reused 101, downloaded 0, added 0
Progress: resolved 107, reused 106, downloaded 0, added 0
Progress: resolved 109, reused 108, downloaded 0, added 0
Progress: resolved 110, reused 109, downloaded 0, added 0
Progress: resolved 111, reused 110, downloaded 0, added 0
Progress: resolved 116, reused 115, downloaded 0, added 0
Progress: resolved 121, reused 120, downloaded 0, added 0
Progress: resolved 123, reused 122, downloaded 0, added 0
Progress: resolved 124, reused 123, downloaded 0, added 0
Progress: resolved 128, reused 127, downloaded 0, added 0
Progress: resolved 131, reused 130, downloaded 0, added 0
Progress: resolved 134, reused 133, downloaded 0, added 0
Progress: resolved 136, reused 135, downloaded 0, added 0
Progress: resolved 138, reused 137, downloaded 0, added 0
Progress: resolved 141, reused 140, downloaded 0, added 0
Progress: resolved 142, reused 140, downloaded 0, added 0
Progress: resolved 143, reused 142, downloaded 0, added 0
Progress: resolved 147, reused 146, downloaded 0, added 0
Progress: resolved 148, reused 146, downloaded 0, added 0
Progress: resolved 152, reused 151, downloaded 0, added 0
Progress: resolved 156, reused 155, downloaded 0, added 0
Progress: resolved 158, reused 157, downloaded 0, added 0
Progress: resolved 161, reused 160, downloaded 0, added 0
Progress: resolved 162, reused 161, downloaded 0, added 0
Progress: resolved 163, reused 162, downloaded 0, added 0
Progress: resolved 166, reused 165, downloaded 0, added 0
Progress: resolved 167, reused 166, downloaded 0, added 0
Progress: resolved 169, reused 168, downloaded 0, added 0
Progress: resolved 174, reused 173, downloaded 0, added 0
Progress: resolved 178, reused 177, downloaded 0, added 0
Progress: resolved 180, reused 179, downloaded 0, added 0
Progress: resolved 182, reused 181, downloaded 0, added 0
Progress: resolved 186, reused 185, downloaded 0, added 0
Progress: resolved 188, reused 187, downloaded 0, added 0
Progress: resolved 189, reused 188, downloaded 0, added 0
Progress: resolved 191, reused 190, downloaded 0, added 0
Progress: resolved 192, reused 190, downloaded 0, added 0
Progress: resolved 197, reused 196, downloaded 0, added 0
Progress: resolved 203, reused 202, downloaded 0, added 0
Progress: resolved 210, reused 209, downloaded 0, added 0
Progress: resolved 216, reused 215, downloaded 0, added 0
Progress: resolved 224, reused 223, downloaded 0, added 0
Progress: resolved 230, reused 229, downloaded 0, added 0
Progress: resolved 234, reused 233, downloaded 0, added 0
Progress: resolved 235, reused 234, downloaded 0, added 0
Progress: resolved 242, reused 241, downloaded 0, added 0
Progress: resolved 245, reused 244, downloaded 0, added 0
Progress: resolved 249, reused 248, downloaded 0, added 0
Progress: resolved 258, reused 257, downloaded 0, added 0
Progress: resolved 259, reused 258, downloaded 0, added 0
Progress: resolved 262, reused 261, downloaded 0, added 0
Progress: resolved 267, reused 266, downloaded 0, added 0
Progress: resolved 271, reused 270, downloaded 0, added 0
Progress: resolved 279, reused 278, downloaded 0, added 0
Progress: resolved 290, reused 289, downloaded 0, added 0
Progress: resolved 296, reused 295, downloaded 0, added 0
Progress: resolved 300, reused 299, downloaded 0, added 0
Progress: resolved 301, reused 300, downloaded 0, added 0
Progress: resolved 303, reused 302, downloaded 0, added 0
Progress: resolved 308, reused 307, downloaded 0, added 0
Progress: resolved 336, reused 333, downloaded 0, added 0
Progress: resolved 348, reused 347, downloaded 0, added 0
Progress: resolved 361, reused 360, downloaded 0, added 0
Progress: resolved 364, reused 363, downloaded 0, added 0
Progress: resolved 366, reused 365, downloaded 0, added 0
Progress: resolved 368, reused 367, downloaded 0, added 0
Progress: resolved 378, reused 376, downloaded 0, added 0
Progress: resolved 387, reused 386, downloaded 0, added 0
Progress: resolved 396, reused 394, downloaded 0, added 0
Progress: resolved 409, reused 408, downloaded 0, added 0
Progress: resolved 413, reused 412, downloaded 0, added 0
Progress: resolved 417, reused 416, downloaded 0, added 0
Progress: resolved 422, reused 420, downloaded 0, added 0
Progress: resolved 431, reused 428, downloaded 0, added 0
Progress: resolved 438, reused 436, downloaded 0, added 0
Progress: resolved 445, reused 443, downloaded 0, added 0
Progress: resolved 447, reused 445, downloaded 0, added 0
Progress: resolved 453, reused 451, downloaded 1, added 0
Progress: resolved 473, reused 462, downloaded 1, added 0
Progress: resolved 498, reused 475, downloaded 1, added 0
Progress: resolved 504, reused 481, downloaded 1, added 0
Progress: resolved 509, reused 486, downloaded 1, added 0
Progress: resolved 516, reused 493, downloaded 1, added 0
Progress: resolved 522, reused 499, downloaded 1, added 0
Progress: resolved 534, reused 511, downloaded 1, added 0
Progress: resolved 560, reused 536, downloaded 1, added 0
Progress: resolved 570, reused 547, downloaded 1, added 0
Progress: resolved 593, reused 570, downloaded 1, added 0
Progress: resolved 617, reused 594, downloaded 1, added 0
Progress: resolved 639, reused 615, downloaded 1, added 0
Progress: resolved 645, reused 621, downloaded 1, added 0
Progress: resolved 647, reused 623, downloaded 2, added 0
Progress: resolved 652, reused 628, downloaded 2, added 0
Progress: resolved 664, reused 640, downloaded 2, added 0
Progress: resolved 675, reused 651, downloaded 2, added 0
Progress: resolved 687, reused 663, downloaded 2, added 0
Progress: resolved 697, reused 673, downloaded 2, added 0
Progress: resolved 716, reused 688, downloaded 2, added 0
Progress: resolved 731, reused 707, downloaded 2, added 0
Progress: resolved 740, reused 716, downloaded 2, added 0
Progress: resolved 773, reused 749, downloaded 2, added 0
Progress: resolved 780, reused 756, downloaded 2, added 0
Progress: resolved 781, reused 756, downloaded 2, added 0
Progress: resolved 781, reused 756, downloaded 3, added 0
Progress: resolved 782, reused 756, downloaded 3, added 0
Progress: resolved 783, reused 758, downloaded 3, added 0
Progress: resolved 784, reused 759, downloaded 3, added 0
Progress: resolved 785, reused 759, downloaded 3, added 0
Progress: resolved 787, reused 762, downloaded 3, added 0
Progress: resolved 788, reused 762, downloaded 3, added 0
Progress: resolved 790, reused 765, downloaded 3, added 0
Progress: resolved 793, reused 768, downloaded 3, added 0
Progress: resolved 795, reused 770, downloaded 3, added 0
Progress: resolved 798, reused 773, downloaded 3, added 0
Progress: resolved 802, reused 777, downloaded 3, added 0
Progress: resolved 833, reused 808, downloaded 3, added 0
Progress: resolved 842, reused 817, downloaded 3, added 0
Progress: resolved 847, reused 822, downloaded 3, added 0
Progress: resolved 851, reused 826, downloaded 3, added 0
Progress: resolved 854, reused 829, downloaded 3, added 0
Progress: resolved 855, reused 829, downloaded 3, added 0
 WARN  GET https://registry.npmjs.org/glob error (ECONNRESET). Will retry in 10 seconds. 2 retries left.
Progress: resolved 857, reused 832, downloaded 3, added 0
Progress: resolved 858, reused 832, downloaded 3, added 0
Progress: resolved 859, reused 834, downloaded 3, added 0
Progress: resolved 862, reused 837, downloaded 3, added 0
Progress: resolved 864, reused 839, downloaded 3, added 0
Progress: resolved 866, reused 841, downloaded 3, added 0
Progress: resolved 867, reused 842, downloaded 3, added 0
Progress: resolved 868, reused 842, downloaded 3, added 0
Progress: resolved 868, reused 843, downloaded 3, added 0
Progress: resolved 869, reused 843, downloaded 3, added 0
Progress: resolved 869, reused 844, downloaded 3, added 0
Progress: resolved 870, reused 844, downloaded 3, added 0
Progress: resolved 870, reused 845, downloaded 3, added 0
Progress: resolved 871, reused 845, downloaded 3, added 0
Progress: resolved 871, reused 846, downloaded 3, added 0
Progress: resolved 872, reused 846, downloaded 3, added 0
Progress: resolved 872, reused 847, downloaded 3, added 0
Progress: resolved 873, reused 847, downloaded 3, added 0
Progress: resolved 873, reused 848, downloaded 3, added 0
Progress: resolved 874, reused 848, downloaded 3, added 0
Progress: resolved 874, reused 849, downloaded 3, added 0
Progress: resolved 875, reused 849, downloaded 3, added 0
 WARN  3 deprecated subdependencies found: @babel/plugin-proposal-class-properties@7.18.6, @babel/plugin-proposal-nullish-coalescing-operator@7.18.6, @babel/plugin-proposal-optional-chaining@7.21.0
Packages: +823
++++++++++++++++++++++++++++++++++++++++++++++++++++++++++++++++++++++++++++++++
Progress: resolved 875, reused 850, downloaded 3, added 2
Progress: resolved 875, reused 850, downloaded 3, added 33
Progress: resolved 875, reused 850, downloaded 3, added 53
Progress: resolved 875, reused 850, downloaded 3, added 152
Progress: resolved 875, reused 850, downloaded 3, added 221
Progress: resolved 875, reused 850, downloaded 3, added 254
Progress: resolved 875, reused 850, downloaded 3, added 312
Progress: resolved 875, reused 850, downloaded 3, added 387
Progress: resolved 875, reused 850, downloaded 3, added 495
Progress: resolved 875, reused 850, downloaded 3, added 579
 ERR_PNPM_LINKING_FAILED  Error: EPERM: operation not permitted, rename 'C:\Users\jeffe\OneDrive\Documentos\Workspaces\startup-mart\mart-dl\node_modules\.pnpm\semver@7.5.4\node_modules\semver_tmp_7652' -> 'C:\Users\jeffe\OneDrive\Documentos\Workspaces\startup-mart\mart-dl\node_modules\.pnpm\semver@7.5.4\node_modules\semver'
Progress: resolved 875, reused 850, downloaded 3, added 646
Progress: resolved 875, reused 850, downloaded 3, added 678
